<?xml version="1.0" encoding="UTF-8"?>
<!-- Generated by org.testng.reporters.JUnitReportReporter -->
<testsuite skipped="2" hostname="Chinnasuts-MBP" name="Day13.myAccountLogin" tests="3" failures="0" timestamp="2022-03-03T21:30:57 EST" time="15.283" errors="0">
  <testcase name="LoginWithValidUsernameEmptyPassword" time="15.283" classname="Day13.myAccountLogin"/>
  <system-out/>
  <testcase name="LoginWithInvalidUsernameInvalidPassword" classname="Day13.myAccountLogin">
    <skipped/>
  </testcase> <!-- LoginWithInvalidUsernameInvalidPassword -->
  <system-out/>
  <testcase name="LoginWithValidUsernamePassword" classname="Day13.myAccountLogin">
    <skipped/>
  </testcase> <!-- LoginWithValidUsernamePassword -->
  <system-out/>
</testsuite> <!-- Day13.myAccountLogin -->
